2018-05-01 21:23:02:080  INFO : "ScanClientGui : tcpConnect"
2018-05-01 21:23:02:084  INFO : "TcpClient : displaySocketState: autoreconnect"
2018-05-01 21:23:02:088  INFO : 
2018-05-01 21:23:04:040  INFO : 
2018-05-01 21:23:04:040  INFO : "TcpClient : disconnectFromHost"
2018-05-01 21:23:04:094  INFO : "TcpClient : displaySocketState: autoreconnect"
2018-05-01 21:23:05:391  INFO : "ScanWidget : emitStartScanSignal"
2018-05-01 21:23:06:045  INFO : "ActuatorWidget : jogBack"
2018-05-01 21:23:06:046  WARNING : "ScanClientGui : tcpSendData: NOT CONNECTED"
2018-05-01 21:23:07:064  INFO : 
2018-05-01 21:23:07:064  WARNING : "ScanClientGui : tcpSendData: NOT CONNECTED"
2018-05-01 21:23:07:492  INFO : 
2018-05-01 21:23:07:492  WARNING : "ScanClientGui : tcpSendData: NOT CONNECTED"
2018-05-01 21:23:07:931  INFO : 
2018-05-01 21:23:07:932  WARNING : "ScanClientGui : tcpSendData: NOT CONNECTED"
2018-05-01 21:23:08:338  INFO : 
2018-05-01 21:23:08:338  WARNING : "ScanClientGui : tcpSendData: NOT CONNECTED"
2018-05-01 21:23:08:662  INFO : 
2018-05-01 21:23:08:662  WARNING : "ScanClientGui : tcpSendData: NOT CONNECTED"
2018-05-01 21:23:09:364  INFO : 
2018-05-01 21:23:09:364  WARNING : "ScanClientGui : tcpSendData: NOT CONNECTED"
2018-05-01 21:23:09:737  INFO : 
2018-05-01 21:23:09:738  WARNING : "ScanClientGui : tcpSendData: NOT CONNECTED"
2018-05-01 21:23:16:729  INFO : 
2018-05-01 21:23:16:730  WARNING : "ScanClientGui : tcpSendData: NOT CONNECTED"
2018-05-01 21:23:16:907  INFO : 
2018-05-01 21:23:16:908  WARNING : "ScanClientGui : tcpSendData: NOT CONNECTED"
2018-05-01 21:23:17:113  INFO : 
2018-05-01 21:23:17:113  WARNING : "ScanClientGui : tcpSendData: NOT CONNECTED"
2018-05-01 21:23:17:891  INFO : 
2018-05-01 21:23:17:891  WARNING : "ScanClientGui : tcpSendData: NOT CONNECTED"
2018-05-01 21:23:18:070  INFO : 
2018-05-01 21:23:18:070  WARNING : "ScanClientGui : tcpSendData: NOT CONNECTED"
2018-05-01 21:23:18:431  INFO : 
2018-05-01 21:23:18:431  WARNING : "ScanClientGui : tcpSendData: NOT CONNECTED"
2018-05-01 21:23:18:615  INFO : 
2018-05-01 21:23:18:615  WARNING : "ScanClientGui : tcpSendData: NOT CONNECTED"
2018-05-01 21:23:19:200  INFO : 
2018-05-01 21:23:19:200  INFO : "TcpClient : disconnectFromHost"
2018-05-01 21:23:19:756  INFO : 
2018-05-01 21:23:19:756  INFO : "TcpClient : displaySocketState: autoreconnect"
2018-05-01 21:23:19:757  INFO : "TcpClient : connectToHost IP: 192.168.1.100 PORT: 5010"
2018-05-01 21:23:20:719  INFO : "ScanWidget : emitStartScanSignal"
2018-05-01 21:23:21:126  INFO : "ScanWidget : emitStopScanSignal"
2018-05-01 21:23:24:174  INFO : "ArrayWidget : emitSourceSetSignal: 0x20"
2018-05-01 21:23:24:175  INFO : "ScanClientGui : arraySetSource"
2018-05-01 21:23:24:175  WARNING : "TcpClient : sendData: FAILED NOT CONNECTED"
2018-05-01 21:23:24:696  INFO : "ArrayWidget : emitSourceSetSignal: 0x0"
2018-05-01 21:23:24:697  INFO : "ScanClientGui : arraySetSource"
2018-05-01 21:23:24:697  WARNING : "TcpClient : sendData: FAILED NOT CONNECTED"
2018-05-01 21:23:24:751  INFO : "TcpClient : connectToHost IP: 192.168.1.100 PORT: 5010"
2018-05-01 21:23:29:755  INFO : 
2018-05-01 21:23:29:755  WARNING : QAbstractSocket::connectToHost() called when already looking up or connecting/connected to "192.168.1.100"
2018-05-01 21:23:29:756  INFO : 
2018-05-01 21:23:30:339  INFO : 
2018-05-01 21:23:30:339  INFO : "TcpClient : disconnectFromHost"
