2018-05-05 17:45:49:903  INFO : ------------BUILD APPLICATION CT SCANMASTER-------------
2018-05-05 17:45:49:904  INFO : "ActuatorWidget : creating widget"
2018-05-05 17:45:50:221  INFO : "ScanWidget : creating widget"
2018-05-05 17:45:50:234  INFO : "ScatterWidget : creating graph"
2018-05-05 17:45:50:579  DEBUG : OpenGL version: 4.6.0 NVIDIA 388.13
2018-05-05 17:45:50:579  DEBUG : GLSL version: 4.60 NVIDIA
2018-05-05 17:45:50:640  INFO : "ScatterWidget : axis 0 range set: -10 - 10"
2018-05-05 17:45:50:640  INFO : "ScatterWidget : grid 0 main: 10 sub: 5"
2018-05-05 17:45:50:640  INFO : "ScatterWidget : axis 1 range set: -10 - 10"
2018-05-05 17:45:50:640  INFO : "ScatterWidget : grid 1 main: 10 sub: 5"
2018-05-05 17:45:50:640  INFO : "ScatterWidget : axis 2 range set: -10 - 10"
2018-05-05 17:45:50:640  INFO : "ScatterWidget : grid 2 main: 10 sub: 5"
2018-05-05 17:45:50:640  INFO : "ScatterWidget : " setPointSize
2018-05-05 17:45:50:654  INFO : ------------STARTING CT SCANMASTER 2018 V1.0------------
2018-05-05 17:45:50:654  INFO : "ScanClientGui : buildArrayTab"
2018-05-05 17:45:50:655  INFO : "ArrayWidget : creating widget"
2018-05-05 17:45:50:657  INFO : "ArrayWidget : creating widget"
2018-05-05 17:45:50:659  INFO : "ArrayWidget : creating widget"
2018-05-05 17:45:50:661  INFO : "ArrayWidget : creating widget"
2018-05-05 17:45:50:663  INFO : "ArrayWidget : creating widget"
2018-05-05 17:45:50:665  INFO : "ArrayWidget : creating widget"
2018-05-05 17:45:50:667  INFO : "ArrayWidget : creating widget"
2018-05-05 17:45:50:669  INFO : "ArrayWidget : creating widget"
2018-05-05 17:45:50:671  WARNING : QObject::connect: No such signal ArrayWidget::sourceSetSignalMask(quint8) in ..\ScanClientGui\scanclientgui.cpp:208
2018-05-05 17:45:50:672  WARNING : QObject::connect:  (receiver name: 'ScanClientGui')
2018-05-05 17:45:50:672  INFO : "ScanClientGui : buildTcpClient"
2018-05-05 17:45:50:672  INFO : "SocketHandler : starting"
2018-05-05 17:45:50:672  INFO : "TcpClient : starting"
2018-05-05 17:45:50:676  INFO : "SocketHandler : handleRetreiveIpAddress: " "169.254.78.233"
2018-05-05 17:45:50:676  INFO : "TcpClient : m_autoReconnectTime: " 5000
2018-05-05 17:45:50:676  INFO : "TcpClient : CLIENT IP: 169.254.78.233 READY"
2018-05-05 17:45:50:678  INFO : "SocketHandler : handleRetreiveIpAddress: " "169.254.78.233"
2018-05-05 17:45:50:679  INFO : "ScanClientGui : buildActuatorControl"
2018-05-05 17:45:50:679  INFO : "ScatterWidget : axis 0 range set: 0 - 15"
2018-05-05 17:45:50:679  INFO : "ScatterWidget : axis 1 range set: 0 - 6"
2018-05-05 17:45:50:679  INFO : "ScatterWidget : axis 2 range set: 0 - 5"
2018-05-05 17:45:52:053  INFO : "ScanClientGui : tcpConnect"
2018-05-05 17:45:52:058  INFO : "SocketHandler : hanldeSocketState: lookup state"
2018-05-05 17:45:52:058  INFO : "TcpClient : displaySocketState: autoreconnect"
2018-05-05 17:45:52:059  INFO : "SocketHandler : hanldeSocketState: connecting"
2018-05-05 17:45:52:063  INFO : "TcpClient : connectToHost IP: 192.168.1.100 PORT: 5010"
2018-05-05 17:45:52:064  INFO : "SocketHandler : hanldeSocketState: connected"
2018-05-05 17:45:52:273  INFO : "SocketHandler : handleReceiveData: received 132 bytes from 192.168.1.100"
2018-05-05 17:45:52:273  WARNING : *************************START*****************************************
2018-05-05 17:45:52:274  INFO : ********************************************************
2018-05-05 17:45:52:274  INFO : Number of sensors:   8
2018-05-05 17:45:52:274  INFO : Number of sources:   8
2018-05-05 17:45:52:275  INFO : PixelWidth:          255
2018-05-05 17:45:52:275  INFO : InnerDiameter:       60
2018-05-05 17:45:52:275  INFO : OuterDiameter:       120
2018-05-05 17:45:52:275  INFO : X offset:            63
2018-05-05 17:45:52:275  INFO : Y offset:            63
2018-05-05 17:45:52:275  INFO : Sensordistance:      28
2018-05-05 17:45:52:276  INFO : Sourcedistance:      28
2018-05-05 17:45:52:276  INFO : DiameterRatio:       2
2018-05-05 17:45:52:276  INFO : CanvasSize:          510
2018-05-05 17:45:52:407  WARNING : *************************STOP*****************************************
2018-05-05 17:45:52:408  WARNING : 135
2018-05-05 17:45:52:408  WARNING : *************************STOP*****************************************
2018-05-05 17:45:52:523  INFO : "SocketHandler : handleReceiveData: received 132 bytes from 192.168.1.100"
2018-05-05 17:45:52:523  WARNING : *************************START*****************************************
2018-05-05 17:45:52:524  INFO : ********************************************************
2018-05-05 17:45:52:524  INFO : Number of sensors:   8
2018-05-05 17:45:52:524  INFO : Number of sources:   8
2018-05-05 17:45:52:525  INFO : PixelWidth:          255
2018-05-05 17:45:52:525  INFO : InnerDiameter:       60
2018-05-05 17:45:52:525  INFO : OuterDiameter:       120
2018-05-05 17:45:52:525  INFO : X offset:            63
2018-05-05 17:45:52:525  INFO : Y offset:            63
2018-05-05 17:45:52:526  INFO : Sensordistance:      28
2018-05-05 17:45:52:526  INFO : Sourcedistance:      28
2018-05-05 17:45:52:526  INFO : DiameterRatio:       2
2018-05-05 17:45:52:526  INFO : CanvasSize:          510
2018-05-05 17:45:52:657  WARNING : *************************STOP*****************************************
2018-05-05 17:45:52:657  WARNING : 134
2018-05-05 17:45:52:658  WARNING : *************************STOP*****************************************
2018-05-05 17:45:52:773  INFO : "SocketHandler : handleReceiveData: received 132 bytes from 192.168.1.100"
2018-05-05 17:45:52:773  WARNING : *************************START*****************************************
2018-05-05 17:45:52:773  INFO : ********************************************************
2018-05-05 17:45:52:774  INFO : Number of sensors:   8
2018-05-05 17:45:52:774  INFO : Number of sources:   8
2018-05-05 17:45:52:774  INFO : PixelWidth:          255
2018-05-05 17:45:52:775  INFO : InnerDiameter:       60
2018-05-05 17:45:52:775  INFO : OuterDiameter:       120
2018-05-05 17:45:52:775  INFO : X offset:            63
2018-05-05 17:45:52:775  INFO : Y offset:            63
2018-05-05 17:45:52:775  INFO : Sensordistance:      28
2018-05-05 17:45:52:776  INFO : Sourcedistance:      28
2018-05-05 17:45:52:776  INFO : DiameterRatio:       2
2018-05-05 17:45:52:776  INFO : CanvasSize:          510
2018-05-05 17:45:52:906  WARNING : *************************STOP*****************************************
2018-05-05 17:45:52:906  WARNING : 133
2018-05-05 17:45:52:907  WARNING : *************************STOP*****************************************
2018-05-05 17:45:53:022  INFO : "SocketHandler : handleReceiveData: received 132 bytes from 192.168.1.100"
2018-05-05 17:45:53:023  WARNING : *************************START*****************************************
2018-05-05 17:45:53:024  INFO : ********************************************************
2018-05-05 17:45:53:025  INFO : Number of sensors:   8
2018-05-05 17:45:53:026  INFO : Number of sources:   8
2018-05-05 17:45:53:026  INFO : PixelWidth:          255
2018-05-05 17:45:53:027  INFO : InnerDiameter:       60
2018-05-05 17:45:53:027  INFO : OuterDiameter:       120
2018-05-05 17:45:53:028  INFO : X offset:            63
2018-05-05 17:45:53:028  INFO : Y offset:            63
2018-05-05 17:45:53:029  INFO : Sensordistance:      28
2018-05-05 17:45:53:029  INFO : Sourcedistance:      28
2018-05-05 17:45:53:030  INFO : DiameterRatio:       2
2018-05-05 17:45:53:030  INFO : CanvasSize:          510
2018-05-05 17:45:53:161  WARNING : *************************STOP*****************************************
2018-05-05 17:45:53:162  WARNING : 139
2018-05-05 17:45:53:163  WARNING : *************************STOP*****************************************
2018-05-05 17:45:53:272  INFO : "SocketHandler : handleReceiveData: received 132 bytes from 192.168.1.100"
2018-05-05 17:45:53:273  WARNING : *************************START*****************************************
2018-05-05 17:45:53:274  INFO : ********************************************************
2018-05-05 17:45:53:275  INFO : Number of sensors:   8
2018-05-05 17:45:53:275  INFO : Number of sources:   8
2018-05-05 17:45:53:276  INFO : PixelWidth:          255
2018-05-05 17:45:53:276  INFO : InnerDiameter:       60
2018-05-05 17:45:53:277  INFO : OuterDiameter:       120
2018-05-05 17:45:53:277  INFO : X offset:            63
2018-05-05 17:45:53:278  INFO : Y offset:            63
2018-05-05 17:45:53:279  INFO : Sensordistance:      28
2018-05-05 17:45:53:279  INFO : Sourcedistance:      28
2018-05-05 17:45:53:280  INFO : DiameterRatio:       2
2018-05-05 17:45:53:280  INFO : CanvasSize:          510
2018-05-05 17:45:53:410  WARNING : *************************STOP*****************************************
2018-05-05 17:45:53:411  WARNING : 138
2018-05-05 17:45:53:411  WARNING : *************************STOP*****************************************
2018-05-05 17:45:53:522  INFO : "SocketHandler : handleReceiveData: received 132 bytes from 192.168.1.100"
2018-05-05 17:45:53:523  WARNING : *************************START*****************************************
2018-05-05 17:45:53:524  INFO : ********************************************************
2018-05-05 17:45:53:525  INFO : Number of sensors:   8
2018-05-05 17:45:53:525  INFO : Number of sources:   8
2018-05-05 17:45:53:526  INFO : PixelWidth:          255
2018-05-05 17:45:53:526  INFO : InnerDiameter:       60
2018-05-05 17:45:53:527  INFO : OuterDiameter:       120
2018-05-05 17:45:53:527  INFO : X offset:            63
2018-05-05 17:45:53:528  INFO : Y offset:            63
2018-05-05 17:45:53:528  INFO : Sensordistance:      28
2018-05-05 17:45:53:529  INFO : Sourcedistance:      28
2018-05-05 17:45:53:529  INFO : DiameterRatio:       2
2018-05-05 17:45:53:530  INFO : CanvasSize:          510
2018-05-05 17:45:53:660  WARNING : *************************STOP*****************************************
2018-05-05 17:45:53:661  WARNING : 138
2018-05-05 17:45:53:662  WARNING : *************************STOP*****************************************
2018-05-05 17:45:53:772  INFO : "SocketHandler : handleReceiveData: received 132 bytes from 192.168.1.100"
2018-05-05 17:45:53:773  WARNING : *************************START*****************************************
2018-05-05 17:45:53:774  INFO : ********************************************************
2018-05-05 17:45:53:775  INFO : Number of sensors:   8
2018-05-05 17:45:53:775  INFO : Number of sources:   8
2018-05-05 17:45:53:776  INFO : PixelWidth:          255
2018-05-05 17:45:53:776  INFO : InnerDiameter:       60
2018-05-05 17:45:53:777  INFO : OuterDiameter:       120
2018-05-05 17:45:53:777  INFO : X offset:            63
2018-05-05 17:45:53:778  INFO : Y offset:            63
2018-05-05 17:45:53:778  INFO : Sensordistance:      28
2018-05-05 17:45:53:779  INFO : Sourcedistance:      28
2018-05-05 17:45:53:779  INFO : DiameterRatio:       2
2018-05-05 17:45:53:780  INFO : CanvasSize:          510
2018-05-05 17:45:53:911  WARNING : *************************STOP*****************************************
2018-05-05 17:45:53:912  WARNING : 139
2018-05-05 17:45:53:913  WARNING : *************************STOP*****************************************
2018-05-05 17:45:54:022  INFO : "SocketHandler : handleReceiveData: received 132 bytes from 192.168.1.100"
2018-05-05 17:45:54:023  WARNING : *************************START*****************************************
2018-05-05 17:45:54:024  INFO : ********************************************************
2018-05-05 17:45:54:025  INFO : Number of sensors:   8
2018-05-05 17:45:54:025  INFO : Number of sources:   8
2018-05-05 17:45:54:026  INFO : PixelWidth:          255
2018-05-05 17:45:54:026  INFO : InnerDiameter:       60
2018-05-05 17:45:54:026  INFO : OuterDiameter:       120
2018-05-05 17:45:54:027  INFO : X offset:            63
2018-05-05 17:45:54:027  INFO : Y offset:            63
2018-05-05 17:45:54:028  INFO : Sensordistance:      28
2018-05-05 17:45:54:028  INFO : Sourcedistance:      28
2018-05-05 17:45:54:029  INFO : DiameterRatio:       2
2018-05-05 17:45:54:029  INFO : CanvasSize:          510
2018-05-05 17:45:54:161  WARNING : *************************STOP*****************************************
2018-05-05 17:45:54:162  WARNING : 139
2018-05-05 17:45:54:163  WARNING : *************************STOP*****************************************
2018-05-05 17:45:54:272  INFO : "SocketHandler : handleReceiveData: received 132 bytes from 192.168.1.100"
2018-05-05 17:45:54:273  WARNING : *************************START*****************************************
2018-05-05 17:45:54:274  INFO : ********************************************************
2018-05-05 17:45:54:275  INFO : Number of sensors:   8
2018-05-05 17:45:54:275  INFO : Number of sources:   8
2018-05-05 17:45:54:276  INFO : PixelWidth:          255
2018-05-05 17:45:54:276  INFO : InnerDiameter:       60
2018-05-05 17:45:54:277  INFO : OuterDiameter:       120
2018-05-05 17:45:54:277  INFO : X offset:            63
2018-05-05 17:45:54:278  INFO : Y offset:            63
2018-05-05 17:45:54:278  INFO : Sensordistance:      28
2018-05-05 17:45:54:279  INFO : Sourcedistance:      28
2018-05-05 17:45:54:280  INFO : DiameterRatio:       2
2018-05-05 17:45:54:280  INFO : CanvasSize:          510
2018-05-05 17:45:54:412  WARNING : *************************STOP*****************************************
2018-05-05 17:45:54:413  WARNING : 140
2018-05-05 17:45:54:414  WARNING : *************************STOP*****************************************
2018-05-05 17:45:54:522  INFO : "SocketHandler : handleReceiveData: received 132 bytes from 192.168.1.100"
2018-05-05 17:45:54:523  WARNING : *************************START*****************************************
2018-05-05 17:45:54:524  INFO : ********************************************************
2018-05-05 17:45:54:524  INFO : Number of sensors:   8
2018-05-05 17:45:54:525  INFO : Number of sources:   8
2018-05-05 17:45:54:526  INFO : PixelWidth:          255
2018-05-05 17:45:54:526  INFO : InnerDiameter:       60
2018-05-05 17:45:54:527  INFO : OuterDiameter:       120
2018-05-05 17:45:54:527  INFO : X offset:            63
2018-05-05 17:45:54:528  INFO : Y offset:            63
2018-05-05 17:45:54:528  INFO : Sensordistance:      28
2018-05-05 17:45:54:529  INFO : Sourcedistance:      28
2018-05-05 17:45:54:529  INFO : DiameterRatio:       2
2018-05-05 17:45:54:530  INFO : CanvasSize:          510
2018-05-05 17:45:54:663  WARNING : *************************STOP*****************************************
2018-05-05 17:45:54:664  WARNING : 141
2018-05-05 17:45:54:665  WARNING : *************************STOP*****************************************
2018-05-05 17:45:54:772  INFO : "SocketHandler : handleReceiveData: received 132 bytes from 192.168.1.100"
2018-05-05 17:45:54:773  WARNING : *************************START*****************************************
2018-05-05 17:45:54:774  INFO : ********************************************************
2018-05-05 17:45:54:774  INFO : Number of sensors:   8
2018-05-05 17:45:54:775  INFO : Number of sources:   8
2018-05-05 17:45:54:775  INFO : PixelWidth:          255
2018-05-05 17:45:54:776  INFO : InnerDiameter:       60
2018-05-05 17:45:54:776  INFO : OuterDiameter:       120
2018-05-05 17:45:54:777  INFO : X offset:            63
2018-05-05 17:45:54:777  INFO : Y offset:            63
2018-05-05 17:45:54:778  INFO : Sensordistance:      28
2018-05-05 17:45:54:778  INFO : Sourcedistance:      28
2018-05-05 17:45:54:779  INFO : DiameterRatio:       2
2018-05-05 17:45:54:779  INFO : CanvasSize:          510
2018-05-05 17:45:54:910  WARNING : *************************STOP*****************************************
2018-05-05 17:45:54:911  WARNING : 138
2018-05-05 17:45:54:911  WARNING : *************************STOP*****************************************
2018-05-05 17:45:55:022  INFO : "SocketHandler : handleReceiveData: received 132 bytes from 192.168.1.100"
2018-05-05 17:45:55:023  WARNING : *************************START*****************************************
2018-05-05 17:45:55:024  INFO : ********************************************************
2018-05-05 17:45:55:024  INFO : Number of sensors:   8
2018-05-05 17:45:55:025  INFO : Number of sources:   8
2018-05-05 17:45:55:025  INFO : PixelWidth:          255
2018-05-05 17:45:55:026  INFO : InnerDiameter:       60
2018-05-05 17:45:55:026  INFO : OuterDiameter:       120
2018-05-05 17:45:55:027  INFO : X offset:            63
2018-05-05 17:45:55:028  INFO : Y offset:            63
2018-05-05 17:45:55:028  INFO : Sensordistance:      28
2018-05-05 17:45:55:029  INFO : Sourcedistance:      28
2018-05-05 17:45:55:029  INFO : DiameterRatio:       2
2018-05-05 17:45:55:030  INFO : CanvasSize:          510
2018-05-05 17:45:55:161  WARNING : *************************STOP*****************************************
2018-05-05 17:45:55:162  WARNING : 139
2018-05-05 17:45:55:162  WARNING : *************************STOP*****************************************
2018-05-05 17:45:55:272  INFO : "SocketHandler : handleReceiveData: received 132 bytes from 192.168.1.100"
2018-05-05 17:45:55:273  WARNING : *************************START*****************************************
2018-05-05 17:45:55:274  INFO : ********************************************************
2018-05-05 17:45:55:274  INFO : Number of sensors:   8
2018-05-05 17:45:55:275  INFO : Number of sources:   8
2018-05-05 17:45:55:276  INFO : PixelWidth:          255
2018-05-05 17:45:55:276  INFO : InnerDiameter:       60
2018-05-05 17:45:55:277  INFO : OuterDiameter:       120
2018-05-05 17:45:55:277  INFO : X offset:            63
2018-05-05 17:45:55:278  INFO : Y offset:            63
2018-05-05 17:45:55:278  INFO : Sensordistance:      28
2018-05-05 17:45:55:279  INFO : Sourcedistance:      28
2018-05-05 17:45:55:279  INFO : DiameterRatio:       2
2018-05-05 17:45:55:280  INFO : CanvasSize:          510
2018-05-05 17:45:55:412  WARNING : *************************STOP*****************************************
2018-05-05 17:45:55:413  WARNING : 140
2018-05-05 17:45:55:414  WARNING : *************************STOP*****************************************
2018-05-05 17:45:55:523  INFO : "SocketHandler : handleReceiveData: received 132 bytes from 192.168.1.100"
2018-05-05 17:45:55:524  WARNING : *************************START*****************************************
2018-05-05 17:45:55:524  INFO : ********************************************************
2018-05-05 17:45:55:525  INFO : Number of sensors:   8
2018-05-05 17:45:55:526  INFO : Number of sources:   8
2018-05-05 17:45:55:526  INFO : PixelWidth:          255
2018-05-05 17:45:55:527  INFO : InnerDiameter:       60
2018-05-05 17:45:55:527  INFO : OuterDiameter:       120
2018-05-05 17:45:55:528  INFO : X offset:            63
2018-05-05 17:45:55:529  INFO : Y offset:            63
2018-05-05 17:45:55:529  INFO : Sensordistance:      28
2018-05-05 17:45:55:530  INFO : Sourcedistance:      28
2018-05-05 17:45:55:530  INFO : DiameterRatio:       2
2018-05-05 17:45:55:531  INFO : CanvasSize:          510
2018-05-05 17:45:55:662  WARNING : *************************STOP*****************************************
2018-05-05 17:45:55:663  WARNING : 139
2018-05-05 17:45:55:664  WARNING : *************************STOP*****************************************
2018-05-05 17:45:55:773  INFO : "SocketHandler : handleReceiveData: received 132 bytes from 192.168.1.100"
2018-05-05 17:45:55:774  WARNING : *************************START*****************************************
2018-05-05 17:45:55:774  INFO : ********************************************************
2018-05-05 17:45:55:775  INFO : Number of sensors:   8
2018-05-05 17:45:55:776  INFO : Number of sources:   8
2018-05-05 17:45:55:776  INFO : PixelWidth:          255
2018-05-05 17:45:55:777  INFO : InnerDiameter:       60
2018-05-05 17:45:55:777  INFO : OuterDiameter:       120
2018-05-05 17:45:55:778  INFO : X offset:            63
2018-05-05 17:45:55:778  INFO : Y offset:            63
2018-05-05 17:45:55:779  INFO : Sensordistance:      28
2018-05-05 17:45:55:780  INFO : Sourcedistance:      28
2018-05-05 17:45:55:780  INFO : DiameterRatio:       2
2018-05-05 17:45:55:781  INFO : CanvasSize:          510
2018-05-05 17:45:55:911  WARNING : *************************STOP*****************************************
2018-05-05 17:45:55:912  WARNING : 138
2018-05-05 17:45:55:913  WARNING : *************************STOP*****************************************
2018-05-05 17:45:56:023  INFO : "SocketHandler : handleReceiveData: received 132 bytes from 192.168.1.100"
2018-05-05 17:45:56:024  WARNING : *************************START*****************************************
2018-05-05 17:45:56:025  INFO : ********************************************************
2018-05-05 17:45:56:025  INFO : Number of sensors:   8
2018-05-05 17:45:56:026  INFO : Number of sources:   8
2018-05-05 17:45:56:027  INFO : PixelWidth:          255
2018-05-05 17:45:56:027  INFO : InnerDiameter:       60
2018-05-05 17:45:56:028  INFO : OuterDiameter:       120
2018-05-05 17:45:56:028  INFO : X offset:            63
2018-05-05 17:45:56:029  INFO : Y offset:            63
2018-05-05 17:45:56:029  INFO : Sensordistance:      28
2018-05-05 17:45:56:030  INFO : Sourcedistance:      28
2018-05-05 17:45:56:030  INFO : DiameterRatio:       2
2018-05-05 17:45:56:031  INFO : CanvasSize:          510
2018-05-05 17:45:56:161  WARNING : *************************STOP*****************************************
2018-05-05 17:45:56:162  WARNING : 138
2018-05-05 17:45:56:163  WARNING : *************************STOP*****************************************
2018-05-05 17:45:56:272  INFO : "SocketHandler : handleReceiveData: received 132 bytes from 192.168.1.100"
2018-05-05 17:45:56:273  WARNING : *************************START*****************************************
2018-05-05 17:45:56:274  INFO : ********************************************************
2018-05-05 17:45:56:275  INFO : Number of sensors:   8
2018-05-05 17:45:56:275  INFO : Number of sources:   8
2018-05-05 17:45:56:276  INFO : PixelWidth:          255
2018-05-05 17:45:56:276  INFO : InnerDiameter:       60
2018-05-05 17:45:56:277  INFO : OuterDiameter:       120
2018-05-05 17:45:56:277  INFO : X offset:            63
2018-05-05 17:45:56:278  INFO : Y offset:            63
2018-05-05 17:45:56:278  INFO : Sensordistance:      28
2018-05-05 17:45:56:279  INFO : Sourcedistance:      28
2018-05-05 17:45:56:280  INFO : DiameterRatio:       2
2018-05-05 17:45:56:280  INFO : CanvasSize:          510
2018-05-05 17:45:56:411  WARNING : *************************STOP*****************************************
2018-05-05 17:45:56:413  WARNING : 140
2018-05-05 17:45:56:413  WARNING : *************************STOP*****************************************
2018-05-05 17:45:56:522  INFO : "SocketHandler : handleReceiveData: received 132 bytes from 192.168.1.100"
2018-05-05 17:45:56:523  WARNING : *************************START*****************************************
2018-05-05 17:45:56:524  INFO : ********************************************************
2018-05-05 17:45:56:525  INFO : Number of sensors:   8
2018-05-05 17:45:56:525  INFO : Number of sources:   8
2018-05-05 17:45:56:526  INFO : PixelWidth:          255
2018-05-05 17:45:56:526  INFO : InnerDiameter:       60
2018-05-05 17:45:56:527  INFO : OuterDiameter:       120
2018-05-05 17:45:56:527  INFO : X offset:            63
2018-05-05 17:45:56:528  INFO : Y offset:            63
2018-05-05 17:45:56:528  INFO : Sensordistance:      28
2018-05-05 17:45:56:529  INFO : Sourcedistance:      28
2018-05-05 17:45:56:530  INFO : DiameterRatio:       2
2018-05-05 17:45:56:530  INFO : CanvasSize:          510
2018-05-05 17:45:56:661  WARNING : *************************STOP*****************************************
2018-05-05 17:45:56:662  WARNING : 139
2018-05-05 17:45:56:663  WARNING : *************************STOP*****************************************
2018-05-05 17:45:56:772  INFO : "SocketHandler : handleReceiveData: received 132 bytes from 192.168.1.100"
2018-05-05 17:45:56:773  WARNING : *************************START*****************************************
2018-05-05 17:45:56:774  INFO : ********************************************************
2018-05-05 17:45:56:775  INFO : Number of sensors:   8
2018-05-05 17:45:56:775  INFO : Number of sources:   8
2018-05-05 17:45:56:776  INFO : PixelWidth:          255
2018-05-05 17:45:56:776  INFO : InnerDiameter:       60
2018-05-05 17:45:56:777  INFO : OuterDiameter:       120
2018-05-05 17:45:56:777  INFO : X offset:            63
2018-05-05 17:45:56:778  INFO : Y offset:            63
2018-05-05 17:45:56:778  INFO : Sensordistance:      28
2018-05-05 17:45:56:779  INFO : Sourcedistance:      28
2018-05-05 17:45:56:779  INFO : DiameterRatio:       2
2018-05-05 17:45:56:780  INFO : CanvasSize:          510
2018-05-05 17:45:56:914  WARNING : *************************STOP*****************************************
2018-05-05 17:45:56:915  WARNING : 142
2018-05-05 17:45:56:916  WARNING : *************************STOP*****************************************
2018-05-05 17:45:57:022  INFO : "SocketHandler : handleReceiveData: received 132 bytes from 192.168.1.100"
2018-05-05 17:45:57:023  WARNING : *************************START*****************************************
2018-05-05 17:45:57:024  INFO : ********************************************************
2018-05-05 17:45:57:025  INFO : Number of sensors:   8
2018-05-05 17:45:57:025  INFO : Number of sources:   8
2018-05-05 17:45:57:026  INFO : PixelWidth:          255
2018-05-05 17:45:57:027  INFO : InnerDiameter:       60
2018-05-05 17:45:57:027  INFO : OuterDiameter:       120
2018-05-05 17:45:57:028  INFO : X offset:            63
2018-05-05 17:45:57:028  INFO : Y offset:            63
2018-05-05 17:45:57:029  INFO : Sensordistance:      28
2018-05-05 17:45:57:029  INFO : Sourcedistance:      28
2018-05-05 17:45:57:030  INFO : DiameterRatio:       2
2018-05-05 17:45:57:030  INFO : CanvasSize:          510
2018-05-05 17:45:57:163  WARNING : *************************STOP*****************************************
2018-05-05 17:45:57:164  WARNING : 141
2018-05-05 17:45:57:164  WARNING : *************************STOP*****************************************
2018-05-05 17:45:57:272  INFO : "SocketHandler : handleReceiveData: received 132 bytes from 192.168.1.100"
2018-05-05 17:45:57:273  WARNING : *************************START*****************************************
2018-05-05 17:45:57:274  INFO : ********************************************************
2018-05-05 17:45:57:274  INFO : Number of sensors:   8
2018-05-05 17:45:57:275  INFO : Number of sources:   8
2018-05-05 17:45:57:275  INFO : PixelWidth:          255
2018-05-05 17:45:57:276  INFO : InnerDiameter:       60
2018-05-05 17:45:57:277  INFO : OuterDiameter:       120
2018-05-05 17:45:57:277  INFO : X offset:            63
2018-05-05 17:45:57:278  INFO : Y offset:            63
2018-05-05 17:45:57:278  INFO : Sensordistance:      28
2018-05-05 17:45:57:279  INFO : Sourcedistance:      28
2018-05-05 17:45:57:279  INFO : DiameterRatio:       2
2018-05-05 17:45:57:280  INFO : CanvasSize:          510
2018-05-05 17:45:57:411  WARNING : *************************STOP*****************************************
2018-05-05 17:45:57:412  WARNING : 139
2018-05-05 17:45:57:413  WARNING : *************************STOP*****************************************
2018-05-05 17:45:57:522  INFO : "SocketHandler : handleReceiveData: received 132 bytes from 192.168.1.100"
2018-05-05 17:45:57:523  WARNING : *************************START*****************************************
2018-05-05 17:45:57:524  INFO : ********************************************************
2018-05-05 17:45:57:525  INFO : Number of sensors:   8
2018-05-05 17:45:57:525  INFO : Number of sources:   8
2018-05-05 17:45:57:526  INFO : PixelWidth:          255
2018-05-05 17:45:57:527  INFO : InnerDiameter:       60
2018-05-05 17:45:57:527  INFO : OuterDiameter:       120
2018-05-05 17:45:57:528  INFO : X offset:            63
2018-05-05 17:45:57:529  INFO : Y offset:            63
2018-05-05 17:45:57:529  INFO : Sensordistance:      28
2018-05-05 17:45:57:530  INFO : Sourcedistance:      28
2018-05-05 17:45:57:530  INFO : DiameterRatio:       2
2018-05-05 17:45:57:531  INFO : CanvasSize:          510
2018-05-05 17:45:57:663  WARNING : *************************STOP*****************************************
2018-05-05 17:45:57:664  WARNING : 141
2018-05-05 17:45:57:665  WARNING : *************************STOP*****************************************
2018-05-05 17:45:57:772  INFO : "SocketHandler : handleReceiveData: received 132 bytes from 192.168.1.100"
2018-05-05 17:45:57:773  WARNING : *************************START*****************************************
2018-05-05 17:45:57:774  INFO : ********************************************************
2018-05-05 17:45:57:775  INFO : Number of sensors:   8
2018-05-05 17:45:57:776  INFO : Number of sources:   8
2018-05-05 17:45:57:776  INFO : PixelWidth:          255
2018-05-05 17:45:57:777  INFO : InnerDiameter:       60
2018-05-05 17:45:57:777  INFO : OuterDiameter:       120
2018-05-05 17:45:57:778  INFO : X offset:            63
2018-05-05 17:45:57:779  INFO : Y offset:            63
2018-05-05 17:45:57:779  INFO : Sensordistance:      28
2018-05-05 17:45:57:780  INFO : Sourcedistance:      28
2018-05-05 17:45:57:780  INFO : DiameterRatio:       2
2018-05-05 17:45:57:780  INFO : CanvasSize:          510
2018-05-05 17:45:57:913  WARNING : *************************STOP*****************************************
2018-05-05 17:45:57:914  WARNING : 141
2018-05-05 17:45:57:915  WARNING : *************************STOP*****************************************
2018-05-05 17:45:58:022  INFO : "SocketHandler : handleReceiveData: received 132 bytes from 192.168.1.100"
2018-05-05 17:45:58:023  WARNING : *************************START*****************************************
2018-05-05 17:45:58:024  INFO : ********************************************************
2018-05-05 17:45:58:025  INFO : Number of sensors:   8
2018-05-05 17:45:58:026  INFO : Number of sources:   8
2018-05-05 17:45:58:026  INFO : PixelWidth:          255
2018-05-05 17:45:58:027  INFO : InnerDiameter:       60
2018-05-05 17:45:58:027  INFO : OuterDiameter:       120
2018-05-05 17:45:58:028  INFO : X offset:            63
2018-05-05 17:45:58:028  INFO : Y offset:            63
2018-05-05 17:45:58:029  INFO : Sensordistance:      28
2018-05-05 17:45:58:029  INFO : Sourcedistance:      28
2018-05-05 17:45:58:030  INFO : DiameterRatio:       2
2018-05-05 17:45:58:031  INFO : CanvasSize:          510
2018-05-05 17:45:58:161  WARNING : *************************STOP*****************************************
2018-05-05 17:45:58:163  WARNING : 140
2018-05-05 17:45:58:163  WARNING : *************************STOP*****************************************
2018-05-05 17:45:58:272  INFO : "SocketHandler : handleReceiveData: received 132 bytes from 192.168.1.100"
2018-05-05 17:45:58:273  WARNING : *************************START*****************************************
2018-05-05 17:45:58:274  INFO : ********************************************************
2018-05-05 17:45:58:275  INFO : Number of sensors:   8
2018-05-05 17:45:58:276  INFO : Number of sources:   8
2018-05-05 17:45:58:276  INFO : PixelWidth:          255
2018-05-05 17:45:58:277  INFO : InnerDiameter:       60
2018-05-05 17:45:58:277  INFO : OuterDiameter:       120
2018-05-05 17:45:58:278  INFO : X offset:            63
2018-05-05 17:45:58:278  INFO : Y offset:            63
2018-05-05 17:45:58:279  INFO : Sensordistance:      28
2018-05-05 17:45:58:279  INFO : Sourcedistance:      28
2018-05-05 17:45:58:280  INFO : DiameterRatio:       2
2018-05-05 17:45:58:280  INFO : CanvasSize:          510
2018-05-05 17:45:58:416  WARNING : *************************STOP*****************************************
2018-05-05 17:45:58:417  WARNING : 144
2018-05-05 17:45:58:417  WARNING : *************************STOP*****************************************
2018-05-05 17:45:58:522  INFO : "SocketHandler : handleReceiveData: received 132 bytes from 192.168.1.100"
2018-05-05 17:45:58:523  WARNING : *************************START*****************************************
2018-05-05 17:45:58:524  INFO : ********************************************************
2018-05-05 17:45:58:525  INFO : Number of sensors:   8
2018-05-05 17:45:58:525  INFO : Number of sources:   8
2018-05-05 17:45:58:526  INFO : PixelWidth:          255
2018-05-05 17:45:58:526  INFO : InnerDiameter:       60
2018-05-05 17:45:58:527  INFO : OuterDiameter:       120
2018-05-05 17:45:58:527  INFO : X offset:            63
2018-05-05 17:45:58:528  INFO : Y offset:            63
2018-05-05 17:45:58:528  INFO : Sensordistance:      28
2018-05-05 17:45:58:529  INFO : Sourcedistance:      28
2018-05-05 17:45:58:529  INFO : DiameterRatio:       2
2018-05-05 17:45:58:530  INFO : CanvasSize:          510
2018-05-05 17:45:58:662  WARNING : *************************STOP*****************************************
2018-05-05 17:45:58:663  WARNING : 140
2018-05-05 17:45:58:663  WARNING : *************************STOP*****************************************
2018-05-05 17:45:58:772  INFO : "SocketHandler : handleReceiveData: received 132 bytes from 192.168.1.100"
2018-05-05 17:45:58:773  WARNING : *************************START*****************************************
2018-05-05 17:45:58:774  INFO : ********************************************************
2018-05-05 17:45:58:774  INFO : Number of sensors:   8
2018-05-05 17:45:58:775  INFO : Number of sources:   8
2018-05-05 17:45:58:775  INFO : PixelWidth:          255
2018-05-05 17:45:58:776  INFO : InnerDiameter:       60
2018-05-05 17:45:58:777  INFO : OuterDiameter:       120
2018-05-05 17:45:58:777  INFO : X offset:            63
2018-05-05 17:45:58:778  INFO : Y offset:            63
2018-05-05 17:45:58:778  INFO : Sensordistance:      28
2018-05-05 17:45:58:779  INFO : Sourcedistance:      28
2018-05-05 17:45:58:779  INFO : DiameterRatio:       2
2018-05-05 17:45:58:780  INFO : CanvasSize:          510
2018-05-05 17:45:58:911  WARNING : *************************STOP*****************************************
2018-05-05 17:45:58:912  WARNING : 139
2018-05-05 17:45:58:912  WARNING : *************************STOP*****************************************
2018-05-05 17:45:59:022  INFO : "SocketHandler : handleReceiveData: received 132 bytes from 192.168.1.100"
2018-05-05 17:45:59:023  WARNING : *************************START*****************************************
2018-05-05 17:45:59:024  INFO : ********************************************************
2018-05-05 17:45:59:024  INFO : Number of sensors:   8
2018-05-05 17:45:59:025  INFO : Number of sources:   8
2018-05-05 17:45:59:025  INFO : PixelWidth:          255
2018-05-05 17:45:59:026  INFO : InnerDiameter:       60
2018-05-05 17:45:59:027  INFO : OuterDiameter:       120
2018-05-05 17:45:59:027  INFO : X offset:            63
2018-05-05 17:45:59:028  INFO : Y offset:            63
2018-05-05 17:45:59:028  INFO : Sensordistance:      28
2018-05-05 17:45:59:029  INFO : Sourcedistance:      28
2018-05-05 17:45:59:029  INFO : DiameterRatio:       2
2018-05-05 17:45:59:030  INFO : CanvasSize:          510
2018-05-05 17:45:59:162  WARNING : *************************STOP*****************************************
2018-05-05 17:45:59:163  WARNING : 140
2018-05-05 17:45:59:163  WARNING : *************************STOP*****************************************
2018-05-05 17:45:59:272  INFO : "SocketHandler : handleReceiveData: received 132 bytes from 192.168.1.100"
2018-05-05 17:45:59:273  WARNING : *************************START*****************************************
2018-05-05 17:45:59:274  INFO : ********************************************************
2018-05-05 17:45:59:274  INFO : Number of sensors:   8
2018-05-05 17:45:59:275  INFO : Number of sources:   8
2018-05-05 17:45:59:275  INFO : PixelWidth:          255
2018-05-05 17:45:59:276  INFO : InnerDiameter:       60
2018-05-05 17:45:59:276  INFO : OuterDiameter:       120
2018-05-05 17:45:59:277  INFO : X offset:            63
2018-05-05 17:45:59:278  INFO : Y offset:            63
2018-05-05 17:45:59:278  INFO : Sensordistance:      28
2018-05-05 17:45:59:279  INFO : Sourcedistance:      28
2018-05-05 17:45:59:279  INFO : DiameterRatio:       2
2018-05-05 17:45:59:280  INFO : CanvasSize:          510
2018-05-05 17:45:59:411  WARNING : *************************STOP*****************************************
2018-05-05 17:45:59:412  WARNING : 139
2018-05-05 17:45:59:412  WARNING : *************************STOP*****************************************
2018-05-05 17:45:59:522  INFO : "SocketHandler : handleReceiveData: received 132 bytes from 192.168.1.100"
2018-05-05 17:45:59:523  WARNING : *************************START*****************************************
2018-05-05 17:45:59:524  INFO : ********************************************************
2018-05-05 17:45:59:524  INFO : Number of sensors:   8
2018-05-05 17:45:59:525  INFO : Number of sources:   8
2018-05-05 17:45:59:525  INFO : PixelWidth:          255
2018-05-05 17:45:59:526  INFO : InnerDiameter:       60
2018-05-05 17:45:59:526  INFO : OuterDiameter:       120
2018-05-05 17:45:59:527  INFO : X offset:            63
2018-05-05 17:45:59:527  INFO : Y offset:            63
2018-05-05 17:45:59:528  INFO : Sensordistance:      28
2018-05-05 17:45:59:529  INFO : Sourcedistance:      28
2018-05-05 17:45:59:529  INFO : DiameterRatio:       2
2018-05-05 17:45:59:530  INFO : CanvasSize:          510
2018-05-05 17:45:59:660  WARNING : *************************STOP*****************************************
2018-05-05 17:45:59:661  WARNING : 138
2018-05-05 17:45:59:662  WARNING : *************************STOP*****************************************
2018-05-05 17:45:59:772  INFO : "SocketHandler : handleReceiveData: received 132 bytes from 192.168.1.100"
2018-05-05 17:45:59:773  WARNING : *************************START*****************************************
2018-05-05 17:45:59:774  INFO : ********************************************************
2018-05-05 17:45:59:774  INFO : Number of sensors:   8
2018-05-05 17:45:59:775  INFO : Number of sources:   8
2018-05-05 17:45:59:775  INFO : PixelWidth:          255
2018-05-05 17:45:59:776  INFO : InnerDiameter:       60
2018-05-05 17:45:59:777  INFO : OuterDiameter:       120
2018-05-05 17:45:59:777  INFO : X offset:            63
2018-05-05 17:45:59:778  INFO : Y offset:            63
2018-05-05 17:45:59:778  INFO : Sensordistance:      28
2018-05-05 17:45:59:779  INFO : Sourcedistance:      28
2018-05-05 17:45:59:779  INFO : DiameterRatio:       2
2018-05-05 17:45:59:780  INFO : CanvasSize:          510
2018-05-05 17:45:59:911  WARNING : *************************STOP*****************************************
2018-05-05 17:45:59:912  WARNING : 139
2018-05-05 17:45:59:913  WARNING : *************************STOP*****************************************
2018-05-05 17:46:00:022  INFO : "SocketHandler : handleReceiveData: received 132 bytes from 192.168.1.100"
2018-05-05 17:46:00:023  WARNING : *************************START*****************************************
2018-05-05 17:46:00:024  INFO : ********************************************************
2018-05-05 17:46:00:024  INFO : Number of sensors:   8
2018-05-05 17:46:00:025  INFO : Number of sources:   8
2018-05-05 17:46:00:025  INFO : PixelWidth:          255
2018-05-05 17:46:00:026  INFO : InnerDiameter:       60
2018-05-05 17:46:00:027  INFO : OuterDiameter:       120
2018-05-05 17:46:00:027  INFO : X offset:            63
2018-05-05 17:46:00:028  INFO : Y offset:            63
2018-05-05 17:46:00:028  INFO : Sensordistance:      28
2018-05-05 17:46:00:029  INFO : Sourcedistance:      28
2018-05-05 17:46:00:029  INFO : DiameterRatio:       2
2018-05-05 17:46:00:030  INFO : CanvasSize:          510
2018-05-05 17:46:00:160  WARNING : *************************STOP*****************************************
2018-05-05 17:46:00:162  WARNING : 139
2018-05-05 17:46:00:162  WARNING : *************************STOP*****************************************
2018-05-05 17:46:00:272  INFO : "SocketHandler : handleReceiveData: received 132 bytes from 192.168.1.100"
2018-05-05 17:46:00:273  WARNING : *************************START*****************************************
2018-05-05 17:46:00:274  INFO : ********************************************************
2018-05-05 17:46:00:274  INFO : Number of sensors:   8
2018-05-05 17:46:00:275  INFO : Number of sources:   8
2018-05-05 17:46:00:275  INFO : PixelWidth:          255
2018-05-05 17:46:00:276  INFO : InnerDiameter:       60
2018-05-05 17:46:00:276  INFO : OuterDiameter:       120
2018-05-05 17:46:00:277  INFO : X offset:            63
2018-05-05 17:46:00:277  INFO : Y offset:            63
2018-05-05 17:46:00:278  INFO : Sensordistance:      28
2018-05-05 17:46:00:278  INFO : Sourcedistance:      28
2018-05-05 17:46:00:279  INFO : DiameterRatio:       2
2018-05-05 17:46:00:280  INFO : CanvasSize:          510
2018-05-05 17:46:00:411  WARNING : *************************STOP*****************************************
2018-05-05 17:46:00:412  WARNING : 139
2018-05-05 17:46:00:413  WARNING : *************************STOP*****************************************
2018-05-05 17:46:00:523  INFO : "SocketHandler : handleReceiveData: received 132 bytes from 192.168.1.100"
2018-05-05 17:46:00:524  WARNING : *************************START*****************************************
2018-05-05 17:46:00:524  INFO : ********************************************************
2018-05-05 17:46:00:525  INFO : Number of sensors:   8
2018-05-05 17:46:00:526  INFO : Number of sources:   8
2018-05-05 17:46:00:526  INFO : PixelWidth:          255
2018-05-05 17:46:00:527  INFO : InnerDiameter:       60
2018-05-05 17:46:00:527  INFO : OuterDiameter:       120
2018-05-05 17:46:00:528  INFO : X offset:            63
2018-05-05 17:46:00:529  INFO : Y offset:            63
2018-05-05 17:46:00:529  INFO : Sensordistance:      28
2018-05-05 17:46:00:530  INFO : Sourcedistance:      28
2018-05-05 17:46:00:530  INFO : DiameterRatio:       2
2018-05-05 17:46:00:531  INFO : CanvasSize:          510
2018-05-05 17:46:00:661  WARNING : *************************STOP*****************************************
2018-05-05 17:46:00:662  WARNING : 138
2018-05-05 17:46:00:663  WARNING : *************************STOP*****************************************
2018-05-05 17:46:00:773  INFO : "SocketHandler : handleReceiveData: received 132 bytes from 192.168.1.100"
2018-05-05 17:46:00:774  WARNING : *************************START*****************************************
2018-05-05 17:46:00:775  INFO : ********************************************************
2018-05-05 17:46:00:775  INFO : Number of sensors:   8
2018-05-05 17:46:00:776  INFO : Number of sources:   8
2018-05-05 17:46:00:776  INFO : PixelWidth:          255
2018-05-05 17:46:00:777  INFO : InnerDiameter:       60
2018-05-05 17:46:00:778  INFO : OuterDiameter:       120
2018-05-05 17:46:00:778  INFO : X offset:            63
2018-05-05 17:46:00:779  INFO : Y offset:            63
2018-05-05 17:46:00:779  INFO : Sensordistance:      28
2018-05-05 17:46:00:780  INFO : Sourcedistance:      28
2018-05-05 17:46:00:780  INFO : DiameterRatio:       2
2018-05-05 17:46:00:781  INFO : CanvasSize:          510
2018-05-05 17:46:00:912  WARNING : *************************STOP*****************************************
2018-05-05 17:46:00:913  WARNING : 139
2018-05-05 17:46:00:913  WARNING : *************************STOP*****************************************
2018-05-05 17:46:01:023  INFO : "SocketHandler : handleReceiveData: received 132 bytes from 192.168.1.100"
2018-05-05 17:46:01:024  WARNING : *************************START*****************************************
2018-05-05 17:46:01:025  INFO : ********************************************************
2018-05-05 17:46:01:025  INFO : Number of sensors:   8
2018-05-05 17:46:01:026  INFO : Number of sources:   8
2018-05-05 17:46:01:027  INFO : PixelWidth:          255
2018-05-05 17:46:01:027  INFO : InnerDiameter:       60
2018-05-05 17:46:01:027  INFO : OuterDiameter:       120
2018-05-05 17:46:01:028  INFO : X offset:            63
2018-05-05 17:46:01:028  INFO : Y offset:            63
2018-05-05 17:46:01:029  INFO : Sensordistance:      28
2018-05-05 17:46:01:029  INFO : Sourcedistance:      28
2018-05-05 17:46:01:030  INFO : DiameterRatio:       2
2018-05-05 17:46:01:030  INFO : CanvasSize:          510
2018-05-05 17:46:01:161  WARNING : *************************STOP*****************************************
2018-05-05 17:46:01:162  WARNING : 138
2018-05-05 17:46:01:163  WARNING : *************************STOP*****************************************
2018-05-05 17:46:01:271  INFO : "SocketHandler : handleReceiveData: received 132 bytes from 192.168.1.100"
2018-05-05 17:46:01:272  WARNING : *************************START*****************************************
2018-05-05 17:46:01:273  INFO : ********************************************************
2018-05-05 17:46:01:274  INFO : Number of sensors:   8
2018-05-05 17:46:01:274  INFO : Number of sources:   8
2018-05-05 17:46:01:275  INFO : PixelWidth:          255
2018-05-05 17:46:01:275  INFO : InnerDiameter:       60
2018-05-05 17:46:01:276  INFO : OuterDiameter:       120
2018-05-05 17:46:01:277  INFO : X offset:            63
2018-05-05 17:46:01:277  INFO : Y offset:            63
2018-05-05 17:46:01:278  INFO : Sensordistance:      28
2018-05-05 17:46:01:278  INFO : Sourcedistance:      28
2018-05-05 17:46:01:279  INFO : DiameterRatio:       2
2018-05-05 17:46:01:279  INFO : CanvasSize:          510
2018-05-05 17:46:01:411  WARNING : *************************STOP*****************************************
2018-05-05 17:46:01:412  WARNING : 140
2018-05-05 17:46:01:412  WARNING : *************************STOP*****************************************
2018-05-05 17:46:01:522  INFO : "SocketHandler : handleReceiveData: received 132 bytes from 192.168.1.100"
2018-05-05 17:46:01:523  WARNING : *************************START*****************************************
2018-05-05 17:46:01:524  INFO : ********************************************************
2018-05-05 17:46:01:525  INFO : Number of sensors:   8
2018-05-05 17:46:01:525  INFO : Number of sources:   8
2018-05-05 17:46:01:526  INFO : PixelWidth:          255
2018-05-05 17:46:01:526  INFO : InnerDiameter:       60
2018-05-05 17:46:01:527  INFO : OuterDiameter:       120
2018-05-05 17:46:01:528  INFO : X offset:            63
2018-05-05 17:46:01:528  INFO : Y offset:            63
2018-05-05 17:46:01:529  INFO : Sensordistance:      28
2018-05-05 17:46:01:529  INFO : Sourcedistance:      28
2018-05-05 17:46:01:530  INFO : DiameterRatio:       2
2018-05-05 17:46:01:530  INFO : CanvasSize:          510
2018-05-05 17:46:01:661  WARNING : *************************STOP*****************************************
2018-05-05 17:46:01:663  WARNING : 140
2018-05-05 17:46:01:663  WARNING : *************************STOP*****************************************
2018-05-05 17:46:01:773  INFO : "SocketHandler : handleReceiveData: received 132 bytes from 192.168.1.100"
2018-05-05 17:46:01:774  WARNING : *************************START*****************************************
2018-05-05 17:46:01:774  INFO : ********************************************************
2018-05-05 17:46:01:775  INFO : Number of sensors:   8
2018-05-05 17:46:01:776  INFO : Number of sources:   8
2018-05-05 17:46:01:776  INFO : PixelWidth:          255
2018-05-05 17:46:01:777  INFO : InnerDiameter:       60
2018-05-05 17:46:01:777  INFO : OuterDiameter:       120
2018-05-05 17:46:01:778  INFO : X offset:            63
2018-05-05 17:46:01:778  INFO : Y offset:            63
2018-05-05 17:46:01:779  INFO : Sensordistance:      28
2018-05-05 17:46:01:780  INFO : Sourcedistance:      28
2018-05-05 17:46:01:780  INFO : DiameterRatio:       2
2018-05-05 17:46:01:781  INFO : CanvasSize:          510
2018-05-05 17:46:01:912  WARNING : *************************STOP*****************************************
2018-05-05 17:46:01:913  WARNING : 139
2018-05-05 17:46:01:914  WARNING : *************************STOP*****************************************
2018-05-05 17:46:02:023  INFO : "SocketHandler : handleReceiveData: received 132 bytes from 192.168.1.100"
2018-05-05 17:46:02:024  WARNING : *************************START*****************************************
2018-05-05 17:46:02:024  INFO : ********************************************************
2018-05-05 17:46:02:025  INFO : Number of sensors:   8
2018-05-05 17:46:02:026  INFO : Number of sources:   8
2018-05-05 17:46:02:026  INFO : PixelWidth:          255
2018-05-05 17:46:02:027  INFO : InnerDiameter:       60
2018-05-05 17:46:02:027  INFO : OuterDiameter:       120
2018-05-05 17:46:02:028  INFO : X offset:            63
2018-05-05 17:46:02:028  INFO : Y offset:            63
2018-05-05 17:46:02:029  INFO : Sensordistance:      28
2018-05-05 17:46:02:029  INFO : Sourcedistance:      28
2018-05-05 17:46:02:030  INFO : DiameterRatio:       2
2018-05-05 17:46:02:030  INFO : CanvasSize:          510
2018-05-05 17:46:02:162  WARNING : *************************STOP*****************************************
2018-05-05 17:46:02:163  WARNING : 139
2018-05-05 17:46:02:163  WARNING : *************************STOP*****************************************
2018-05-05 17:46:02:272  INFO : "SocketHandler : handleReceiveData: received 132 bytes from 192.168.1.100"
2018-05-05 17:46:02:273  WARNING : *************************START*****************************************
2018-05-05 17:46:02:274  INFO : ********************************************************
2018-05-05 17:46:02:275  INFO : Number of sensors:   8
2018-05-05 17:46:02:276  INFO : Number of sources:   8
2018-05-05 17:46:02:276  INFO : PixelWidth:          255
2018-05-05 17:46:02:277  INFO : InnerDiameter:       60
2018-05-05 17:46:02:277  INFO : OuterDiameter:       120
2018-05-05 17:46:02:278  INFO : X offset:            63
2018-05-05 17:46:02:278  INFO : Y offset:            63
2018-05-05 17:46:02:279  INFO : Sensordistance:      28
2018-05-05 17:46:02:279  INFO : Sourcedistance:      28
2018-05-05 17:46:02:280  INFO : DiameterRatio:       2
2018-05-05 17:46:02:280  INFO : CanvasSize:          510
2018-05-05 17:46:02:412  WARNING : *************************STOP*****************************************
2018-05-05 17:46:02:413  WARNING : 140
2018-05-05 17:46:02:414  WARNING : *************************STOP*****************************************
2018-05-05 17:46:02:522  INFO : "SocketHandler : handleReceiveData: received 132 bytes from 192.168.1.100"
2018-05-05 17:46:02:523  WARNING : *************************START*****************************************
2018-05-05 17:46:02:524  INFO : ********************************************************
2018-05-05 17:46:02:525  INFO : Number of sensors:   8
2018-05-05 17:46:02:525  INFO : Number of sources:   8
2018-05-05 17:46:02:526  INFO : PixelWidth:          255
2018-05-05 17:46:02:526  INFO : InnerDiameter:       60
2018-05-05 17:46:02:527  INFO : OuterDiameter:       120
2018-05-05 17:46:02:528  INFO : X offset:            63
2018-05-05 17:46:02:528  INFO : Y offset:            63
2018-05-05 17:46:02:529  INFO : Sensordistance:      28
2018-05-05 17:46:02:529  INFO : Sourcedistance:      28
2018-05-05 17:46:02:530  INFO : DiameterRatio:       2
2018-05-05 17:46:02:530  INFO : CanvasSize:          510
2018-05-05 17:46:02:661  WARNING : *************************STOP*****************************************
2018-05-05 17:46:02:662  WARNING : 139
2018-05-05 17:46:02:663  WARNING : *************************STOP*****************************************
2018-05-05 17:46:02:772  INFO : "SocketHandler : handleReceiveData: received 132 bytes from 192.168.1.100"
2018-05-05 17:46:02:773  WARNING : *************************START*****************************************
2018-05-05 17:46:02:774  INFO : ********************************************************
2018-05-05 17:46:02:775  INFO : Number of sensors:   8
2018-05-05 17:46:02:775  INFO : Number of sources:   8
2018-05-05 17:46:02:776  INFO : PixelWidth:          255
2018-05-05 17:46:02:776  INFO : InnerDiameter:       60
2018-05-05 17:46:02:777  INFO : OuterDiameter:       120
2018-05-05 17:46:02:778  INFO : X offset:            63
2018-05-05 17:46:02:778  INFO : Y offset:            63
2018-05-05 17:46:02:779  INFO : Sensordistance:      28
2018-05-05 17:46:02:779  INFO : Sourcedistance:      28
2018-05-05 17:46:02:780  INFO : DiameterRatio:       2
2018-05-05 17:46:02:780  INFO : CanvasSize:          510
2018-05-05 17:46:02:910  WARNING : *************************STOP*****************************************
2018-05-05 17:46:02:911  WARNING : 138
2018-05-05 17:46:02:912  WARNING : *************************STOP*****************************************
2018-05-05 17:46:03:022  INFO : "SocketHandler : handleReceiveData: received 132 bytes from 192.168.1.100"
2018-05-05 17:46:03:023  WARNING : *************************START*****************************************
2018-05-05 17:46:03:024  INFO : ********************************************************
2018-05-05 17:46:03:025  INFO : Number of sensors:   8
2018-05-05 17:46:03:025  INFO : Number of sources:   8
2018-05-05 17:46:03:026  INFO : PixelWidth:          255
2018-05-05 17:46:03:026  INFO : InnerDiameter:       60
2018-05-05 17:46:03:027  INFO : OuterDiameter:       120
2018-05-05 17:46:03:027  INFO : X offset:            63
2018-05-05 17:46:03:028  INFO : Y offset:            63
2018-05-05 17:46:03:028  INFO : Sensordistance:      28
2018-05-05 17:46:03:029  INFO : Sourcedistance:      28
2018-05-05 17:46:03:030  INFO : DiameterRatio:       2
2018-05-05 17:46:03:030  INFO : CanvasSize:          510
2018-05-05 17:46:03:160  WARNING : *************************STOP*****************************************
2018-05-05 17:46:03:162  WARNING : 139
2018-05-05 17:46:03:162  WARNING : *************************STOP*****************************************
2018-05-05 17:46:03:272  INFO : "SocketHandler : handleReceiveData: received 132 bytes from 192.168.1.100"
2018-05-05 17:46:03:273  WARNING : *************************START*****************************************
2018-05-05 17:46:03:274  INFO : ********************************************************
2018-05-05 17:46:03:275  INFO : Number of sensors:   8
2018-05-05 17:46:03:275  INFO : Number of sources:   8
2018-05-05 17:46:03:276  INFO : PixelWidth:          255
2018-05-05 17:46:03:276  INFO : InnerDiameter:       60
2018-05-05 17:46:03:277  INFO : OuterDiameter:       120
2018-05-05 17:46:03:277  INFO : X offset:            63
2018-05-05 17:46:03:278  INFO : Y offset:            63
2018-05-05 17:46:03:278  INFO : Sensordistance:      28
2018-05-05 17:46:03:279  INFO : Sourcedistance:      28
2018-05-05 17:46:03:280  INFO : DiameterRatio:       2
2018-05-05 17:46:03:280  INFO : CanvasSize:          510
2018-05-05 17:46:03:411  WARNING : *************************STOP*****************************************
2018-05-05 17:46:03:412  WARNING : 139
2018-05-05 17:46:03:412  WARNING : *************************STOP*****************************************
2018-05-05 17:46:03:522  INFO : "SocketHandler : handleReceiveData: received 132 bytes from 192.168.1.100"
2018-05-05 17:46:03:523  WARNING : *************************START*****************************************
2018-05-05 17:46:03:524  INFO : ********************************************************
2018-05-05 17:46:03:525  INFO : Number of sensors:   8
2018-05-05 17:46:03:525  INFO : Number of sources:   8
2018-05-05 17:46:03:526  INFO : PixelWidth:          255
2018-05-05 17:46:03:526  INFO : InnerDiameter:       60
2018-05-05 17:46:03:527  INFO : OuterDiameter:       120
2018-05-05 17:46:03:527  INFO : X offset:            63
2018-05-05 17:46:03:528  INFO : Y offset:            63
2018-05-05 17:46:03:529  INFO : Sensordistance:      28
2018-05-05 17:46:03:529  INFO : Sourcedistance:      28
2018-05-05 17:46:03:530  INFO : DiameterRatio:       2
2018-05-05 17:46:03:530  INFO : CanvasSize:          510
2018-05-05 17:46:03:661  WARNING : *************************STOP*****************************************
2018-05-05 17:46:03:662  WARNING : 139
2018-05-05 17:46:03:663  WARNING : *************************STOP*****************************************
2018-05-05 17:46:03:772  INFO : "SocketHandler : handleReceiveData: received 132 bytes from 192.168.1.100"
2018-05-05 17:46:03:773  WARNING : *************************START*****************************************
2018-05-05 17:46:03:774  INFO : ********************************************************
2018-05-05 17:46:03:775  INFO : Number of sensors:   8
2018-05-05 17:46:03:775  INFO : Number of sources:   8
2018-05-05 17:46:03:776  INFO : PixelWidth:          255
2018-05-05 17:46:03:776  INFO : InnerDiameter:       60
2018-05-05 17:46:03:777  INFO : OuterDiameter:       120
2018-05-05 17:46:03:777  INFO : X offset:            63
2018-05-05 17:46:03:778  INFO : Y offset:            63
2018-05-05 17:46:03:778  INFO : Sensordistance:      28
2018-05-05 17:46:03:779  INFO : Sourcedistance:      28
2018-05-05 17:46:03:780  INFO : DiameterRatio:       2
2018-05-05 17:46:03:780  INFO : CanvasSize:          510
2018-05-05 17:46:03:911  WARNING : *************************STOP*****************************************
2018-05-05 17:46:03:912  WARNING : 139
2018-05-05 17:46:03:913  WARNING : *************************STOP*****************************************
2018-05-05 17:46:04:022  INFO : "SocketHandler : handleReceiveData: received 132 bytes from 192.168.1.100"
2018-05-05 17:46:04:023  WARNING : *************************START*****************************************
2018-05-05 17:46:04:024  INFO : ********************************************************
2018-05-05 17:46:04:025  INFO : Number of sensors:   8
2018-05-05 17:46:04:025  INFO : Number of sources:   8
2018-05-05 17:46:04:026  INFO : PixelWidth:          255
2018-05-05 17:46:04:026  INFO : InnerDiameter:       60
2018-05-05 17:46:04:027  INFO : OuterDiameter:       120
2018-05-05 17:46:04:027  INFO : X offset:            63
2018-05-05 17:46:04:028  INFO : Y offset:            63
2018-05-05 17:46:04:028  INFO : Sensordistance:      28
2018-05-05 17:46:04:029  INFO : Sourcedistance:      28
2018-05-05 17:46:04:029  INFO : DiameterRatio:       2
2018-05-05 17:46:04:030  INFO : CanvasSize:          510
2018-05-05 17:46:04:162  WARNING : *************************STOP*****************************************
2018-05-05 17:46:04:163  WARNING : 140
2018-05-05 17:46:04:164  WARNING : *************************STOP*****************************************
2018-05-05 17:46:04:272  INFO : "SocketHandler : handleReceiveData: received 132 bytes from 192.168.1.100"
2018-05-05 17:46:04:273  WARNING : *************************START*****************************************
2018-05-05 17:46:04:274  INFO : ********************************************************
2018-05-05 17:46:04:275  INFO : Number of sensors:   8
2018-05-05 17:46:04:275  INFO : Number of sources:   8
2018-05-05 17:46:04:276  INFO : PixelWidth:          255
2018-05-05 17:46:04:276  INFO : InnerDiameter:       60
2018-05-05 17:46:04:277  INFO : OuterDiameter:       120
2018-05-05 17:46:04:277  INFO : X offset:            63
2018-05-05 17:46:04:278  INFO : Y offset:            63
2018-05-05 17:46:04:279  INFO : Sensordistance:      28
2018-05-05 17:46:04:279  INFO : Sourcedistance:      28
2018-05-05 17:46:04:280  INFO : DiameterRatio:       2
2018-05-05 17:46:04:280  INFO : CanvasSize:          510
2018-05-05 17:46:04:412  WARNING : *************************STOP*****************************************
2018-05-05 17:46:04:413  WARNING : 140
2018-05-05 17:46:04:413  WARNING : *************************STOP*****************************************
2018-05-05 17:46:04:522  INFO : "SocketHandler : handleReceiveData: received 132 bytes from 192.168.1.100"
2018-05-05 17:46:04:523  WARNING : *************************START*****************************************
2018-05-05 17:46:04:524  INFO : ********************************************************
2018-05-05 17:46:04:525  INFO : Number of sensors:   8
2018-05-05 17:46:04:525  INFO : Number of sources:   8
2018-05-05 17:46:04:526  INFO : PixelWidth:          255
2018-05-05 17:46:04:526  INFO : InnerDiameter:       60
2018-05-05 17:46:04:527  INFO : OuterDiameter:       120
2018-05-05 17:46:04:527  INFO : X offset:            63
2018-05-05 17:46:04:528  INFO : Y offset:            63
2018-05-05 17:46:04:528  INFO : Sensordistance:      28
2018-05-05 17:46:04:529  INFO : Sourcedistance:      28
2018-05-05 17:46:04:530  INFO : DiameterRatio:       2
2018-05-05 17:46:04:530  INFO : CanvasSize:          510
2018-05-05 17:46:04:661  WARNING : *************************STOP*****************************************
2018-05-05 17:46:04:662  WARNING : 139
2018-05-05 17:46:04:663  WARNING : *************************STOP*****************************************
2018-05-05 17:46:04:772  INFO : "SocketHandler : handleReceiveData: received 132 bytes from 192.168.1.100"
2018-05-05 17:46:04:773  WARNING : *************************START*****************************************
2018-05-05 17:46:04:774  INFO : ********************************************************
2018-05-05 17:46:04:774  INFO : Number of sensors:   8
2018-05-05 17:46:04:775  INFO : Number of sources:   8
2018-05-05 17:46:04:775  INFO : PixelWidth:          255
2018-05-05 17:46:04:776  INFO : InnerDiameter:       60
2018-05-05 17:46:04:776  INFO : OuterDiameter:       120
2018-05-05 17:46:04:777  INFO : X offset:            63
2018-05-05 17:46:04:778  INFO : Y offset:            63
2018-05-05 17:46:04:778  INFO : Sensordistance:      28
2018-05-05 17:46:04:779  INFO : Sourcedistance:      28
2018-05-05 17:46:04:779  INFO : DiameterRatio:       2
2018-05-05 17:46:04:780  INFO : CanvasSize:          510
2018-05-05 17:46:04:910  WARNING : *************************STOP*****************************************
2018-05-05 17:46:04:911  WARNING : 138
2018-05-05 17:46:04:912  WARNING : *************************STOP*****************************************
2018-05-05 17:46:05:022  INFO : "SocketHandler : handleReceiveData: received 132 bytes from 192.168.1.100"
2018-05-05 17:46:05:023  WARNING : *************************START*****************************************
2018-05-05 17:46:05:024  INFO : ********************************************************
2018-05-05 17:46:05:024  INFO : Number of sensors:   8
2018-05-05 17:46:05:025  INFO : Number of sources:   8
2018-05-05 17:46:05:025  INFO : PixelWidth:          255
2018-05-05 17:46:05:026  INFO : InnerDiameter:       60
2018-05-05 17:46:05:026  INFO : OuterDiameter:       120
2018-05-05 17:46:05:027  INFO : X offset:            63
2018-05-05 17:46:05:027  INFO : Y offset:            63
2018-05-05 17:46:05:027  INFO : Sensordistance:      28
2018-05-05 17:46:05:028  INFO : Sourcedistance:      28
2018-05-05 17:46:05:028  INFO : DiameterRatio:       2
2018-05-05 17:46:05:029  INFO : CanvasSize:          510
2018-05-05 17:46:05:159  WARNING : *************************STOP*****************************************
2018-05-05 17:46:05:160  WARNING : 137
2018-05-05 17:46:05:161  WARNING : *************************STOP*****************************************
2018-05-05 17:46:05:272  INFO : "SocketHandler : handleReceiveData: received 132 bytes from 192.168.1.100"
2018-05-05 17:46:05:273  WARNING : *************************START*****************************************
2018-05-05 17:46:05:274  INFO : ********************************************************
2018-05-05 17:46:05:274  INFO : Number of sensors:   8
2018-05-05 17:46:05:275  INFO : Number of sources:   8
2018-05-05 17:46:05:275  INFO : PixelWidth:          255
2018-05-05 17:46:05:276  INFO : InnerDiameter:       60
2018-05-05 17:46:05:276  INFO : OuterDiameter:       120
2018-05-05 17:46:05:277  INFO : X offset:            63
2018-05-05 17:46:05:277  INFO : Y offset:            63
2018-05-05 17:46:05:278  INFO : Sensordistance:      28
2018-05-05 17:46:05:279  INFO : Sourcedistance:      28
2018-05-05 17:46:05:279  INFO : DiameterRatio:       2
2018-05-05 17:46:05:280  INFO : CanvasSize:          510
2018-05-05 17:46:05:410  WARNING : *************************STOP*****************************************
2018-05-05 17:46:05:411  WARNING : 138
2018-05-05 17:46:05:412  WARNING : *************************STOP*****************************************
2018-05-05 17:46:05:522  INFO : "SocketHandler : handleReceiveData: received 132 bytes from 192.168.1.100"
2018-05-05 17:46:05:522  WARNING : *************************START*****************************************
2018-05-05 17:46:05:523  INFO : ********************************************************
2018-05-05 17:46:05:524  INFO : Number of sensors:   8
2018-05-05 17:46:05:524  INFO : Number of sources:   8
2018-05-05 17:46:05:525  INFO : PixelWidth:          255
2018-05-05 17:46:05:526  INFO : InnerDiameter:       60
2018-05-05 17:46:05:526  INFO : OuterDiameter:       120
2018-05-05 17:46:05:527  INFO : X offset:            63
2018-05-05 17:46:05:527  INFO : Y offset:            63
2018-05-05 17:46:05:528  INFO : Sensordistance:      28
2018-05-05 17:46:05:528  INFO : Sourcedistance:      28
2018-05-05 17:46:05:529  INFO : DiameterRatio:       2
2018-05-05 17:46:05:529  INFO : CanvasSize:          510
2018-05-05 17:46:05:660  WARNING : *************************STOP*****************************************
2018-05-05 17:46:05:661  WARNING : 139
2018-05-05 17:46:05:662  WARNING : *************************STOP*****************************************
2018-05-05 17:46:05:771  INFO : "SocketHandler : handleReceiveData: received 132 bytes from 192.168.1.100"
2018-05-05 17:46:05:772  WARNING : *************************START*****************************************
2018-05-05 17:46:05:773  INFO : ********************************************************
2018-05-05 17:46:05:774  INFO : Number of sensors:   8
2018-05-05 17:46:05:775  INFO : Number of sources:   8
2018-05-05 17:46:05:775  INFO : PixelWidth:          255
2018-05-05 17:46:05:776  INFO : InnerDiameter:       60
2018-05-05 17:46:05:776  INFO : OuterDiameter:       120
2018-05-05 17:46:05:777  INFO : X offset:            63
2018-05-05 17:46:05:777  INFO : Y offset:            63
2018-05-05 17:46:05:778  INFO : Sensordistance:      28
2018-05-05 17:46:05:778  INFO : Sourcedistance:      28
2018-05-05 17:46:05:779  INFO : DiameterRatio:       2
2018-05-05 17:46:05:779  INFO : CanvasSize:          510
2018-05-05 17:46:05:910  WARNING : *************************STOP*****************************************
2018-05-05 17:46:05:911  WARNING : 139
2018-05-05 17:46:05:911  WARNING : *************************STOP*****************************************
2018-05-05 17:46:06:022  INFO : "SocketHandler : handleReceiveData: received 132 bytes from 192.168.1.100"
2018-05-05 17:46:06:023  WARNING : *************************START*****************************************
2018-05-05 17:46:06:024  INFO : ********************************************************
2018-05-05 17:46:06:025  INFO : Number of sensors:   8
2018-05-05 17:46:06:025  INFO : Number of sources:   8
2018-05-05 17:46:06:026  INFO : PixelWidth:          255
2018-05-05 17:46:06:026  INFO : InnerDiameter:       60
2018-05-05 17:46:06:027  INFO : OuterDiameter:       120
2018-05-05 17:46:06:027  INFO : X offset:            63
2018-05-05 17:46:06:028  INFO : Y offset:            63
2018-05-05 17:46:06:028  INFO : Sensordistance:      28
2018-05-05 17:46:06:029  INFO : Sourcedistance:      28
2018-05-05 17:46:06:029  INFO : DiameterRatio:       2
2018-05-05 17:46:06:030  INFO : CanvasSize:          510
2018-05-05 17:46:06:161  WARNING : *************************STOP*****************************************
2018-05-05 17:46:06:162  WARNING : 139
2018-05-05 17:46:06:163  WARNING : *************************STOP*****************************************
2018-05-05 17:46:06:272  INFO : "SocketHandler : handleReceiveData: received 132 bytes from 192.168.1.100"
2018-05-05 17:46:06:273  WARNING : *************************START*****************************************
2018-05-05 17:46:06:274  INFO : ********************************************************
2018-05-05 17:46:06:275  INFO : Number of sensors:   8
2018-05-05 17:46:06:275  INFO : Number of sources:   8
2018-05-05 17:46:06:276  INFO : PixelWidth:          255
2018-05-05 17:46:06:276  INFO : InnerDiameter:       60
2018-05-05 17:46:06:277  INFO : OuterDiameter:       120
2018-05-05 17:46:06:277  INFO : X offset:            63
2018-05-05 17:46:06:278  INFO : Y offset:            63
2018-05-05 17:46:06:278  INFO : Sensordistance:      28
2018-05-05 17:46:06:279  INFO : Sourcedistance:      28
2018-05-05 17:46:06:279  INFO : DiameterRatio:       2
2018-05-05 17:46:06:280  INFO : CanvasSize:          510
2018-05-05 17:46:06:412  WARNING : *************************STOP*****************************************
2018-05-05 17:46:06:413  WARNING : 140
2018-05-05 17:46:06:413  WARNING : *************************STOP*****************************************
2018-05-05 17:46:06:522  INFO : "SocketHandler : handleReceiveData: received 132 bytes from 192.168.1.100"
2018-05-05 17:46:06:523  WARNING : *************************START*****************************************
2018-05-05 17:46:06:524  INFO : ********************************************************
2018-05-05 17:46:06:525  INFO : Number of sensors:   8
2018-05-05 17:46:06:525  INFO : Number of sources:   8
2018-05-05 17:46:06:526  INFO : PixelWidth:          255
2018-05-05 17:46:06:526  INFO : InnerDiameter:       60
2018-05-05 17:46:06:527  INFO : OuterDiameter:       120
2018-05-05 17:46:06:528  INFO : X offset:            63
2018-05-05 17:46:06:528  INFO : Y offset:            63
2018-05-05 17:46:06:529  INFO : Sensordistance:      28
2018-05-05 17:46:06:529  INFO : Sourcedistance:      28
2018-05-05 17:46:06:530  INFO : DiameterRatio:       2
2018-05-05 17:46:06:530  INFO : CanvasSize:          510
2018-05-05 17:46:06:662  WARNING : *************************STOP*****************************************
2018-05-05 17:46:06:663  WARNING : 140
2018-05-05 17:46:06:663  WARNING : *************************STOP*****************************************
2018-05-05 17:46:06:772  INFO : "SocketHandler : handleReceiveData: received 132 bytes from 192.168.1.100"
2018-05-05 17:46:06:773  WARNING : *************************START*****************************************
2018-05-05 17:46:06:774  INFO : ********************************************************
2018-05-05 17:46:06:775  INFO : Number of sensors:   8
2018-05-05 17:46:06:775  INFO : Number of sources:   8
2018-05-05 17:46:06:776  INFO : PixelWidth:          255
2018-05-05 17:46:06:776  INFO : InnerDiameter:       60
2018-05-05 17:46:06:777  INFO : OuterDiameter:       120
2018-05-05 17:46:06:777  INFO : X offset:            63
2018-05-05 17:46:06:778  INFO : Y offset:            63
2018-05-05 17:46:06:779  INFO : Sensordistance:      28
2018-05-05 17:46:06:779  INFO : Sourcedistance:      28
2018-05-05 17:46:06:780  INFO : DiameterRatio:       2
2018-05-05 17:46:06:780  INFO : CanvasSize:          510
2018-05-05 17:46:06:911  WARNING : *************************STOP*****************************************
2018-05-05 17:46:06:912  WARNING : 139
2018-05-05 17:46:06:913  WARNING : *************************STOP*****************************************
2018-05-05 17:46:07:022  INFO : "SocketHandler : handleReceiveData: received 132 bytes from 192.168.1.100"
2018-05-05 17:46:07:023  WARNING : *************************START*****************************************
2018-05-05 17:46:07:024  INFO : ********************************************************
2018-05-05 17:46:07:024  INFO : Number of sensors:   8
2018-05-05 17:46:07:025  INFO : Number of sources:   8
2018-05-05 17:46:07:026  INFO : PixelWidth:          255
2018-05-05 17:46:07:026  INFO : InnerDiameter:       60
2018-05-05 17:46:07:027  INFO : OuterDiameter:       120
2018-05-05 17:46:07:027  INFO : X offset:            63
2018-05-05 17:46:07:028  INFO : Y offset:            63
2018-05-05 17:46:07:029  INFO : Sensordistance:      28
2018-05-05 17:46:07:029  INFO : Sourcedistance:      28
2018-05-05 17:46:07:030  INFO : DiameterRatio:       2
2018-05-05 17:46:07:030  INFO : CanvasSize:          510
2018-05-05 17:46:07:161  WARNING : *************************STOP*****************************************
2018-05-05 17:46:07:162  WARNING : 139
2018-05-05 17:46:07:163  WARNING : *************************STOP*****************************************
2018-05-05 17:46:07:272  INFO : "SocketHandler : handleReceiveData: received 132 bytes from 192.168.1.100"
2018-05-05 17:46:07:273  WARNING : *************************START*****************************************
2018-05-05 17:46:07:274  INFO : ********************************************************
2018-05-05 17:46:07:274  INFO : Number of sensors:   8
2018-05-05 17:46:07:275  INFO : Number of sources:   8
2018-05-05 17:46:07:276  INFO : PixelWidth:          255
2018-05-05 17:46:07:276  INFO : InnerDiameter:       60
2018-05-05 17:46:07:277  INFO : OuterDiameter:       120
2018-05-05 17:46:07:277  INFO : X offset:            63
2018-05-05 17:46:07:278  INFO : Y offset:            63
2018-05-05 17:46:07:278  INFO : Sensordistance:      28
2018-05-05 17:46:07:279  INFO : Sourcedistance:      28
2018-05-05 17:46:07:279  INFO : DiameterRatio:       2
2018-05-05 17:46:07:280  INFO : CanvasSize:          510
2018-05-05 17:46:07:410  WARNING : *************************STOP*****************************************
2018-05-05 17:46:07:411  WARNING : 138
2018-05-05 17:46:07:412  WARNING : *************************STOP*****************************************
2018-05-05 17:46:07:522  INFO : "SocketHandler : handleReceiveData: received 132 bytes from 192.168.1.100"
2018-05-05 17:46:07:523  WARNING : *************************START*****************************************
2018-05-05 17:46:07:524  INFO : ********************************************************
2018-05-05 17:46:07:524  INFO : Number of sensors:   8
2018-05-05 17:46:07:525  INFO : Number of sources:   8
2018-05-05 17:46:07:525  INFO : PixelWidth:          255
2018-05-05 17:46:07:526  INFO : InnerDiameter:       60
2018-05-05 17:46:07:527  INFO : OuterDiameter:       120
2018-05-05 17:46:07:527  INFO : X offset:            63
2018-05-05 17:46:07:528  INFO : Y offset:            63
2018-05-05 17:46:07:528  INFO : Sensordistance:      28
2018-05-05 17:46:07:529  INFO : Sourcedistance:      28
2018-05-05 17:46:07:529  INFO : DiameterRatio:       2
2018-05-05 17:46:07:530  INFO : CanvasSize:          510
2018-05-05 17:46:07:661  WARNING : *************************STOP*****************************************
2018-05-05 17:46:07:662  WARNING : 139
2018-05-05 17:46:07:663  WARNING : *************************STOP*****************************************
2018-05-05 17:46:07:772  INFO : "SocketHandler : handleReceiveData: received 132 bytes from 192.168.1.100"
2018-05-05 17:46:07:773  WARNING : *************************START*****************************************
2018-05-05 17:46:07:773  INFO : ********************************************************
2018-05-05 17:46:07:774  INFO : Number of sensors:   8
2018-05-05 17:46:07:775  INFO : Number of sources:   8
2018-05-05 17:46:07:775  INFO : PixelWidth:          255
2018-05-05 17:46:07:776  INFO : InnerDiameter:       60
2018-05-05 17:46:07:776  INFO : OuterDiameter:       120
2018-05-05 17:46:07:777  INFO : X offset:            63
2018-05-05 17:46:07:777  INFO : Y offset:            63
2018-05-05 17:46:07:778  INFO : Sensordistance:      28
2018-05-05 17:46:07:779  INFO : Sourcedistance:      28
2018-05-05 17:46:07:779  INFO : DiameterRatio:       2
2018-05-05 17:46:07:780  INFO : CanvasSize:          510
2018-05-05 17:46:07:910  WARNING : *************************STOP*****************************************
2018-05-05 17:46:07:911  WARNING : 138
2018-05-05 17:46:07:912  WARNING : *************************STOP*****************************************
2018-05-05 17:46:08:021  INFO : "SocketHandler : handleReceiveData: received 132 bytes from 192.168.1.100"
2018-05-05 17:46:08:022  WARNING : *************************START*****************************************
2018-05-05 17:46:08:023  INFO : ********************************************************
2018-05-05 17:46:08:024  INFO : Number of sensors:   8
2018-05-05 17:46:08:024  INFO : Number of sources:   8
2018-05-05 17:46:08:025  INFO : PixelWidth:          255
2018-05-05 17:46:08:025  INFO : InnerDiameter:       60
2018-05-05 17:46:08:026  INFO : OuterDiameter:       120
2018-05-05 17:46:08:027  INFO : X offset:            63
2018-05-05 17:46:08:027  INFO : Y offset:            63
2018-05-05 17:46:08:028  INFO : Sensordistance:      28
2018-05-05 17:46:08:028  INFO : Sourcedistance:      28
2018-05-05 17:46:08:029  INFO : DiameterRatio:       2
2018-05-05 17:46:08:029  INFO : CanvasSize:          510
2018-05-05 17:46:08:160  WARNING : *************************STOP*****************************************
2018-05-05 17:46:08:161  WARNING : 139
2018-05-05 17:46:08:162  WARNING : *************************STOP*****************************************
2018-05-05 17:46:08:271  INFO : "SocketHandler : handleReceiveData: received 132 bytes from 192.168.1.100"
2018-05-05 17:46:08:272  WARNING : *************************START*****************************************
2018-05-05 17:46:08:273  INFO : ********************************************************
2018-05-05 17:46:08:274  INFO : Number of sensors:   8
2018-05-05 17:46:08:275  INFO : Number of sources:   8
2018-05-05 17:46:08:275  INFO : PixelWidth:          255
2018-05-05 17:46:08:276  INFO : InnerDiameter:       60
2018-05-05 17:46:08:276  INFO : OuterDiameter:       120
2018-05-05 17:46:08:277  INFO : X offset:            63
2018-05-05 17:46:08:277  INFO : Y offset:            63
2018-05-05 17:46:08:278  INFO : Sensordistance:      28
2018-05-05 17:46:08:278  INFO : Sourcedistance:      28
2018-05-05 17:46:08:279  INFO : DiameterRatio:       2
2018-05-05 17:46:08:279  INFO : CanvasSize:          510
2018-05-05 17:46:08:411  WARNING : *************************STOP*****************************************
2018-05-05 17:46:08:412  WARNING : 140
2018-05-05 17:46:08:412  WARNING : *************************STOP*****************************************
2018-05-05 17:46:08:522  INFO : "SocketHandler : handleReceiveData: received 132 bytes from 192.168.1.100"
2018-05-05 17:46:08:523  WARNING : *************************START*****************************************
2018-05-05 17:46:08:524  INFO : ********************************************************
2018-05-05 17:46:08:524  INFO : Number of sensors:   8
2018-05-05 17:46:08:525  INFO : Number of sources:   8
2018-05-05 17:46:08:525  INFO : PixelWidth:          255
2018-05-05 17:46:08:526  INFO : InnerDiameter:       60
2018-05-05 17:46:08:526  INFO : OuterDiameter:       120
2018-05-05 17:46:08:527  INFO : X offset:            63
2018-05-05 17:46:08:527  INFO : Y offset:            63
2018-05-05 17:46:08:528  INFO : Sensordistance:      28
2018-05-05 17:46:08:529  INFO : Sourcedistance:      28
2018-05-05 17:46:08:529  INFO : DiameterRatio:       2
2018-05-05 17:46:08:530  INFO : CanvasSize:          510
2018-05-05 17:46:08:660  WARNING : *************************STOP*****************************************
2018-05-05 17:46:08:661  WARNING : 138
2018-05-05 17:46:08:662  WARNING : *************************STOP*****************************************
2018-05-05 17:46:08:772  INFO : "SocketHandler : handleReceiveData: received 132 bytes from 192.168.1.100"
2018-05-05 17:46:08:773  WARNING : *************************START*****************************************
2018-05-05 17:46:08:774  INFO : ********************************************************
2018-05-05 17:46:08:774  INFO : Number of sensors:   8
2018-05-05 17:46:08:775  INFO : Number of sources:   8
2018-05-05 17:46:08:775  INFO : PixelWidth:          255
2018-05-05 17:46:08:776  INFO : InnerDiameter:       60
2018-05-05 17:46:08:776  INFO : OuterDiameter:       120
2018-05-05 17:46:08:777  INFO : X offset:            63
2018-05-05 17:46:08:777  INFO : Y offset:            63
2018-05-05 17:46:08:778  INFO : Sensordistance:      28
2018-05-05 17:46:08:778  INFO : Sourcedistance:      28
2018-05-05 17:46:08:779  INFO : DiameterRatio:       2
2018-05-05 17:46:08:780  INFO : CanvasSize:          510
2018-05-05 17:46:08:910  WARNING : *************************STOP*****************************************
2018-05-05 17:46:08:911  WARNING : 138
2018-05-05 17:46:08:912  WARNING : *************************STOP*****************************************
2018-05-05 17:46:09:021  INFO : "SocketHandler : handleReceiveData: received 132 bytes from 192.168.1.100"
2018-05-05 17:46:09:022  WARNING : *************************START*****************************************
2018-05-05 17:46:09:023  INFO : ********************************************************
2018-05-05 17:46:09:024  INFO : Number of sensors:   8
2018-05-05 17:46:09:024  INFO : Number of sources:   8
2018-05-05 17:46:09:025  INFO : PixelWidth:          255
2018-05-05 17:46:09:025  INFO : InnerDiameter:       60
2018-05-05 17:46:09:026  INFO : OuterDiameter:       120
2018-05-05 17:46:09:026  INFO : X offset:            63
2018-05-05 17:46:09:027  INFO : Y offset:            63
2018-05-05 17:46:09:027  INFO : Sensordistance:      28
2018-05-05 17:46:09:028  INFO : Sourcedistance:      28
2018-05-05 17:46:09:029  INFO : DiameterRatio:       2
2018-05-05 17:46:09:029  INFO : CanvasSize:          510
2018-05-05 17:46:09:161  WARNING : *************************STOP*****************************************
2018-05-05 17:46:09:162  WARNING : 140
2018-05-05 17:46:09:163  WARNING : *************************STOP*****************************************
2018-05-05 17:46:09:272  INFO : "SocketHandler : handleReceiveData: received 132 bytes from 192.168.1.100"
2018-05-05 17:46:09:273  WARNING : *************************START*****************************************
2018-05-05 17:46:09:274  INFO : ********************************************************
2018-05-05 17:46:09:274  INFO : Number of sensors:   8
2018-05-05 17:46:09:275  INFO : Number of sources:   8
2018-05-05 17:46:09:276  INFO : PixelWidth:          255
2018-05-05 17:46:09:276  INFO : InnerDiameter:       60
2018-05-05 17:46:09:277  INFO : OuterDiameter:       120
2018-05-05 17:46:09:277  INFO : X offset:            63
2018-05-05 17:46:09:278  INFO : Y offset:            63
2018-05-05 17:46:09:278  INFO : Sensordistance:      28
2018-05-05 17:46:09:279  INFO : Sourcedistance:      28
2018-05-05 17:46:09:279  INFO : DiameterRatio:       2
2018-05-05 17:46:09:280  INFO : CanvasSize:          510
2018-05-05 17:46:09:411  WARNING : *************************STOP*****************************************
2018-05-05 17:46:09:413  WARNING : 140
2018-05-05 17:46:09:413  WARNING : *************************STOP*****************************************
2018-05-05 17:46:09:521  INFO : "SocketHandler : handleReceiveData: received 132 bytes from 192.168.1.100"
2018-05-05 17:46:09:522  WARNING : *************************START*****************************************
2018-05-05 17:46:09:523  INFO : ********************************************************
2018-05-05 17:46:09:524  INFO : Number of sensors:   8
2018-05-05 17:46:09:525  INFO : Number of sources:   8
2018-05-05 17:46:09:525  INFO : PixelWidth:          255
2018-05-05 17:46:09:526  INFO : InnerDiameter:       60
2018-05-05 17:46:09:527  INFO : OuterDiameter:       120
2018-05-05 17:46:09:527  INFO : X offset:            63
2018-05-05 17:46:09:528  INFO : Y offset:            63
2018-05-05 17:46:09:528  INFO : Sensordistance:      28
2018-05-05 17:46:09:529  INFO : Sourcedistance:      28
2018-05-05 17:46:09:530  INFO : DiameterRatio:       2
2018-05-05 17:46:09:530  INFO : CanvasSize:          510
2018-05-05 17:46:09:664  WARNING : *************************STOP*****************************************
2018-05-05 17:46:09:665  WARNING : 143
2018-05-05 17:46:09:666  WARNING : *************************STOP*****************************************
2018-05-05 17:46:09:771  INFO : "SocketHandler : handleReceiveData: received 132 bytes from 192.168.1.100"
2018-05-05 17:46:09:772  WARNING : *************************START*****************************************
2018-05-05 17:46:09:773  INFO : ********************************************************
2018-05-05 17:46:09:774  INFO : Number of sensors:   8
2018-05-05 17:46:09:775  INFO : Number of sources:   8
2018-05-05 17:46:09:775  INFO : PixelWidth:          255
2018-05-05 17:46:09:776  INFO : InnerDiameter:       60
2018-05-05 17:46:09:776  INFO : OuterDiameter:       120
2018-05-05 17:46:09:777  INFO : X offset:            63
2018-05-05 17:46:09:777  INFO : Y offset:            63
2018-05-05 17:46:09:778  INFO : Sensordistance:      28
2018-05-05 17:46:09:778  INFO : Sourcedistance:      28
2018-05-05 17:46:09:779  INFO : DiameterRatio:       2
2018-05-05 17:46:09:780  INFO : CanvasSize:          510
2018-05-05 17:46:09:911  WARNING : *************************STOP*****************************************
2018-05-05 17:46:09:912  WARNING : 140
2018-05-05 17:46:09:913  WARNING : *************************STOP*****************************************
2018-05-05 17:46:10:021  INFO : "SocketHandler : handleReceiveData: received 132 bytes from 192.168.1.100"
2018-05-05 17:46:10:022  WARNING : *************************START*****************************************
2018-05-05 17:46:10:023  INFO : ********************************************************
2018-05-05 17:46:10:024  INFO : Number of sensors:   8
2018-05-05 17:46:10:025  INFO : Number of sources:   8
2018-05-05 17:46:10:025  INFO : PixelWidth:          255
2018-05-05 17:46:10:026  INFO : InnerDiameter:       60
2018-05-05 17:46:10:026  INFO : OuterDiameter:       120
2018-05-05 17:46:10:027  INFO : X offset:            63
2018-05-05 17:46:10:027  INFO : Y offset:            63
2018-05-05 17:46:10:028  INFO : Sensordistance:      28
2018-05-05 17:46:10:029  INFO : Sourcedistance:      28
2018-05-05 17:46:10:029  INFO : DiameterRatio:       2
2018-05-05 17:46:10:030  INFO : CanvasSize:          510
2018-05-05 17:46:10:161  WARNING : *************************STOP*****************************************
2018-05-05 17:46:10:162  WARNING : 140
2018-05-05 17:46:10:163  WARNING : *************************STOP*****************************************
2018-05-05 17:46:10:271  INFO : "SocketHandler : handleReceiveData: received 132 bytes from 192.168.1.100"
2018-05-05 17:46:10:272  WARNING : *************************START*****************************************
2018-05-05 17:46:10:273  INFO : ********************************************************
2018-05-05 17:46:10:274  INFO : Number of sensors:   8
2018-05-05 17:46:10:274  INFO : Number of sources:   8
2018-05-05 17:46:10:275  INFO : PixelWidth:          255
2018-05-05 17:46:10:275  INFO : InnerDiameter:       60
2018-05-05 17:46:10:276  INFO : OuterDiameter:       120
2018-05-05 17:46:10:276  INFO : X offset:            63
2018-05-05 17:46:10:277  INFO : Y offset:            63
2018-05-05 17:46:10:278  INFO : Sensordistance:      28
2018-05-05 17:46:10:278  INFO : Sourcedistance:      28
2018-05-05 17:46:10:279  INFO : DiameterRatio:       2
2018-05-05 17:46:10:279  INFO : CanvasSize:          510
2018-05-05 17:46:10:412  WARNING : *************************STOP*****************************************
2018-05-05 17:46:10:413  WARNING : 141
2018-05-05 17:46:10:414  WARNING : *************************STOP*****************************************
2018-05-05 17:46:10:502  INFO : "ScanClientGui : tcpDisconnect"
2018-05-05 17:46:10:503  INFO : "SocketHandler : hanldeSocketState: closing"
2018-05-05 17:46:10:503  INFO : "TcpClient : displaySocketState: autoreconnect"
2018-05-05 17:46:10:504  INFO : "SocketHandler : hanldeSocketState: disconnected"
2018-05-05 17:46:10:505  INFO : "TcpClient : disconnectFromHost"
2018-05-05 17:46:10:505  INFO : "ScanClientGui : EXIT"
